<?xml version="1.0" encoding="UTF-8"?>
<!-- Generated by org.testng.reporters.JUnitReportReporter -->
<testsuite hostname="DESKTOP-ESBTML5" failures="0" tests="1" name="Cucumber.Automation.AppTest" time="0.011" errors="0" timestamp="2023-12-29T08:58:22 IST" skipped="0">
  <testcase classname="Cucumber.Automation.AppTest" name="testApp" time="0.011"/>
</testsuite> <!-- Cucumber.Automation.AppTest -->
